2022-05-24 06:22:50,135 : INFO : Run :racional_num
2022-05-24 06:22:50,135 : DEBUG : First number: 7
2022-05-24 06:22:50,135 : DEBUG : Two number: 2
2022-05-24 06:22:50,136 : INFO : illustration: ('7', '/', '2')
2022-05-24 06:22:50,136 : DEBUG : Result: 3.5
2022-05-24 06:22:50,136 : INFO : End work
2022-05-24 07:09:14,435 : INFO : Run : racional_num
2022-05-24 07:09:14,435 : DEBUG : First number: 2
2022-05-24 07:09:14,435 : DEBUG : Two number: 4
2022-05-24 07:09:14,435 : INFO : illustration: ('2', '+', '4')
2022-05-24 07:09:14,436 : DEBUG : Result: 6
2022-05-24 07:09:14,436 : INFO : End work
2022-05-24 07:12:17,233 : INFO : Run : complex_num
2022-05-24 07:12:17,233 : DEBUG : First number: 4+1
2022-05-24 07:12:17,233 : DEBUG : Two number: 3-1
2022-05-24 07:12:17,233 : INFO : illustration: ('4+1', '+', '3-1')
2022-05-24 07:12:17,234 : DEBUG : Result: (7+2j)
2022-05-24 07:12:17,234 : INFO : End work
2022-05-24 07:14:05,936 : INFO : Run : racional_num
2022-05-24 07:14:05,936 : DEBUG : First number: 5
2022-05-24 07:14:05,936 : DEBUG : Two number: 9
2022-05-24 07:14:05,937 : INFO : illustration: ('5', '/', '9')
2022-05-24 07:14:05,937 : DEBUG : Result: 0.5555555555555556
2022-05-24 07:14:05,937 : INFO : End work

2022-05-24 12:24:02,503 : INFO : Run : racional_num
2022-05-24 12:24:02,503 : DEBUG : First number: 45
2022-05-24 12:24:02,503 : DEBUG : Two number: 7
2022-05-24 12:24:02,503 : INFO : illustration: ('45', '/', '7')
2022-05-24 12:24:02,503 : DEBUG : Result: 6.428571428571429
2022-05-24 12:24:02,503 : INFO : End work


2022-05-24 12:28:01,404 : INFO : Run : racional_num
2022-05-24 12:28:01,404 : DEBUG : First number: 4
2022-05-24 12:28:01,405 : DEBUG : Two number: 74
2022-05-24 12:28:01,405 : INFO : illustration: ('4', '*', '74')
2022-05-24 12:28:01,405 : DEBUG : Result: 296
2022-05-24 12:28:01,405 : INFO : End work


2022-05-24 12:30:48,066 : INFO : Run : racional_num
2022-05-24 12:30:48,066 : DEBUG : First number: 45
2022-05-24 12:30:48,066 : DEBUG : Two number: 7
2022-05-24 12:30:48,066 : INFO : illustration: ('45', '*', '7')
2022-05-24 12:30:48,067 : DEBUG : Result: 315
2022-05-24 12:30:48,067 : INFO : End work


